{"/Users/franklinakpu/Documents/react-native/fileuploadwithprogressbar/App.tsx": {"path":"/Users/franklinakpu/Documents/react-native/fileuploadwithprogressbar/App.tsx","statementMap":{"0":{"start":{"line":29,"column":21},"end":{"line":57,"column":1}},"1":{"start":{"line":32,"column":21},"end":{"line":32,"column":33}},"2":{"start":{"line":34,"column":2},"end":{"line":40,"column":17}},"3":{"start":{"line":36,"column":4},"end":{"line":37,"column":88}},"4":{"start":{"line":45,"column":17},"end":{"line":45,"column":34}},"5":{"start":{"line":47,"column":2},"end":{"line":56,"column":3}}},"fnMap":{"0":{"name":"(anonymous_0)","decl":{"start":{"line":29,"column":21},"end":{"line":29,"column":22}},"loc":{"start":{"line":30,"column":0},"end":{"line":57,"column":1}},"line":30},"1":{"name":"(anonymous_1)","decl":{"start":{"line":34,"column":12},"end":{"line":34,"column":13}},"loc":{"start":{"line":35,"column":2},"end":{"line":39,"column":3}},"line":35}},"branchMap":{"0":{"loc":{"start":{"line":36,"column":4},"end":{"line":37,"column":87}},"type":"cond-expr","locations":[{"start":{"line":37,"column":4},"end":{"line":37,"column":82}},{"start":{"line":37,"column":83},"end":{"line":37,"column":87}}],"line":36}},"s":{"0":2,"1":3,"2":3,"3":2,"4":3,"5":3},"f":{"0":3,"1":2},"b":{"0":[1,1]},"_coverageSchema":"1a1c01bbd47fc00a2c39e90264f33305004495a9","hash":"e7d26334165104dccd6945c75201a44512843b07"}
,"/Users/franklinakpu/Documents/react-native/fileuploadwithprogressbar/jest/TestWrapper.tsx": {"path":"/Users/franklinakpu/Documents/react-native/fileuploadwithprogressbar/jest/TestWrapper.tsx","statementMap":{"0":{"start":{"line":7,"column":29},"end":{"line":23,"column":1}},"1":{"start":{"line":9,"column":17},"end":{"line":16,"column":4}},"2":{"start":{"line":18,"column":1},"end":{"line":22,"column":3}}},"fnMap":{"0":{"name":"(anonymous_0)","decl":{"start":{"line":7,"column":29},"end":{"line":7,"column":30}},"loc":{"start":{"line":8,"column":0},"end":{"line":23,"column":1}},"line":8}},"branchMap":{},"s":{"0":2,"1":8,"2":8},"f":{"0":8},"b":{},"_coverageSchema":"1a1c01bbd47fc00a2c39e90264f33305004495a9","hash":"83cc5184bc9277c139bc7ab0c774de7010ad78ac"}
,"/Users/franklinakpu/Documents/react-native/fileuploadwithprogressbar/src/constants.ts": {"path":"/Users/franklinakpu/Documents/react-native/fileuploadwithprogressbar/src/constants.ts","statementMap":{"0":{"start":{"line":1,"column":28},"end":{"line":1,"column":62}}},"fnMap":{},"branchMap":{},"s":{"0":3},"f":{},"b":{},"_coverageSchema":"1a1c01bbd47fc00a2c39e90264f33305004495a9","hash":"0f11dbbef9ef0f21882066f06a668660061bbe9c"}
,"/Users/franklinakpu/Documents/react-native/fileuploadwithprogressbar/src/components/Button.tsx": {"path":"/Users/franklinakpu/Documents/react-native/fileuploadwithprogressbar/src/components/Button.tsx","statementMap":{"0":{"start":{"line":12,"column":36},"end":{"line":39,"column":1}},"1":{"start":{"line":22,"column":2},"end":{"line":38,"column":3}}},"fnMap":{"0":{"name":"(anonymous_0)","decl":{"start":{"line":12,"column":36},"end":{"line":12,"column":37}},"loc":{"start":{"line":19,"column":0},"end":{"line":39,"column":1}},"line":19}},"branchMap":{},"s":{"0":3,"1":62},"f":{"0":62},"b":{},"_coverageSchema":"1a1c01bbd47fc00a2c39e90264f33305004495a9","hash":"a8830822471c3b13964934f32091c733a7655e79"}
,"/Users/franklinakpu/Documents/react-native/fileuploadwithprogressbar/src/components/styles.tsx": {"path":"/Users/franklinakpu/Documents/react-native/fileuploadwithprogressbar/src/components/styles.tsx","statementMap":{"0":{"start":{"line":10,"column":36},"end":{"line":26,"column":2}}},"fnMap":{},"branchMap":{},"s":{"0":3},"f":{},"b":{},"_coverageSchema":"1a1c01bbd47fc00a2c39e90264f33305004495a9","hash":"c9eff5033795d9ffa851dfde7e3ac312e7d0c171"}
,"/Users/franklinakpu/Documents/react-native/fileuploadwithprogressbar/src/helperfunctions/fileHelpers.ts": {"path":"/Users/franklinakpu/Documents/react-native/fileuploadwithprogressbar/src/helperfunctions/fileHelpers.ts","statementMap":{"0":{"start":{"line":6,"column":29},"end":{"line":10,"column":3}},"1":{"start":{"line":8,"column":25},"end":{"line":8,"column":94}},"2":{"start":{"line":9,"column":4},"end":{"line":9,"column":17}}},"fnMap":{"0":{"name":"(anonymous_0)","decl":{"start":{"line":6,"column":29},"end":{"line":6,"column":30}},"loc":{"start":{"line":7,"column":2},"end":{"line":10,"column":3}},"line":7}},"branchMap":{},"s":{"0":3,"1":5,"2":5},"f":{"0":5},"b":{},"_coverageSchema":"1a1c01bbd47fc00a2c39e90264f33305004495a9","hash":"5ec7bf0e7eea3c4e2607d70ad9ac9f623f8bc9f5"}
,"/Users/franklinakpu/Documents/react-native/fileuploadwithprogressbar/src/http/axiosSetup.ts": {"path":"/Users/franklinakpu/Documents/react-native/fileuploadwithprogressbar/src/http/axiosSetup.ts","statementMap":{"0":{"start":{"line":8,"column":28},"end":{"line":19,"column":1}},"1":{"start":{"line":10,"column":3},"end":{"line":16,"column":10}},"2":{"start":{"line":15,"column":49},"end":{"line":15,"column":85}}},"fnMap":{"0":{"name":"(anonymous_0)","decl":{"start":{"line":8,"column":28},"end":{"line":8,"column":29}},"loc":{"start":{"line":9,"column":0},"end":{"line":19,"column":1}},"line":9},"1":{"name":"(anonymous_1)","decl":{"start":{"line":15,"column":26},"end":{"line":15,"column":27}},"loc":{"start":{"line":15,"column":49},"end":{"line":15,"column":85}},"line":15}},"branchMap":{},"s":{"0":3,"1":3,"2":1},"f":{"0":3,"1":1},"b":{},"_coverageSchema":"1a1c01bbd47fc00a2c39e90264f33305004495a9","hash":"51596553ab86dc359a8879a3c57fa987e47d41c6"}
,"/Users/franklinakpu/Documents/react-native/fileuploadwithprogressbar/src/screens/MainScreen/ImageDescription.tsx": {"path":"/Users/franklinakpu/Documents/react-native/fileuploadwithprogressbar/src/screens/MainScreen/ImageDescription.tsx","statementMap":{"0":{"start":{"line":12,"column":56},"end":{"line":30,"column":1}},"1":{"start":{"line":16,"column":2},"end":{"line":29,"column":3}}},"fnMap":{"0":{"name":"(anonymous_0)","decl":{"start":{"line":12,"column":56},"end":{"line":12,"column":57}},"loc":{"start":{"line":13,"column":0},"end":{"line":30,"column":1}},"line":13}},"branchMap":{"0":{"loc":{"start":{"line":20,"column":11},"end":{"line":20,"column":89}},"type":"cond-expr","locations":[{"start":{"line":20,"column":38},"end":{"line":20,"column":58}},{"start":{"line":20,"column":59},"end":{"line":20,"column":89}}],"line":20},"1":{"loc":{"start":{"line":22,"column":11},"end":{"line":22,"column":89}},"type":"cond-expr","locations":[{"start":{"line":22,"column":38},"end":{"line":22,"column":58}},{"start":{"line":22,"column":59},"end":{"line":22,"column":89}}],"line":22},"2":{"loc":{"start":{"line":25,"column":11},"end":{"line":25,"column":88}},"type":"cond-expr","locations":[{"start":{"line":25,"column":38},"end":{"line":25,"column":58}},{"start":{"line":25,"column":59},"end":{"line":25,"column":88}}],"line":25}},"s":{"0":3,"1":31},"f":{"0":31},"b":{"0":[13,18],"1":[13,18],"2":[13,18]},"_coverageSchema":"1a1c01bbd47fc00a2c39e90264f33305004495a9","hash":"5403d13bd091edf6dc501bd41c2679b9dd4d65e3"}
,"/Users/franklinakpu/Documents/react-native/fileuploadwithprogressbar/src/screens/MainScreen/MainScreen.tsx": {"path":"/Users/franklinakpu/Documents/react-native/fileuploadwithprogressbar/src/screens/MainScreen/MainScreen.tsx","statementMap":{"0":{"start":{"line":23,"column":32},"end":{"line":174,"column":1}},"1":{"start":{"line":27,"column":42},"end":{"line":31,"column":4}},"2":{"start":{"line":33,"column":33},"end":{"line":33,"column":62}},"3":{"start":{"line":34,"column":53},"end":{"line":34,"column":72}},"4":{"start":{"line":37,"column":21},"end":{"line":59,"column":1}},"5":{"start":{"line":40,"column":17},"end":{"line":40,"column":31}},"6":{"start":{"line":41,"column":2},"end":{"line":41,"column":36}},"7":{"start":{"line":45,"column":2},"end":{"line":56,"column":4}},"8":{"start":{"line":52,"column":3},"end":{"line":52,"column":41}},"9":{"start":{"line":55,"column":3},"end":{"line":55,"column":33}},"10":{"start":{"line":62,"column":26},"end":{"line":66,"column":1}},"11":{"start":{"line":64,"column":28},"end":{"line":64,"column":77}},"12":{"start":{"line":65,"column":2},"end":{"line":65,"column":37}},"13":{"start":{"line":69,"column":23},"end":{"line":74,"column":3}},"14":{"start":{"line":71,"column":4},"end":{"line":71,"column":29}},"15":{"start":{"line":72,"column":4},"end":{"line":72,"column":75}},"16":{"start":{"line":73,"column":4},"end":{"line":73,"column":22}},"17":{"start":{"line":77,"column":35},"end":{"line":89,"column":3}},"18":{"start":{"line":79,"column":6},"end":{"line":79,"column":31}},"19":{"start":{"line":80,"column":6},"end":{"line":88,"column":8}},"20":{"start":{"line":92,"column":29},"end":{"line":104,"column":3}},"21":{"start":{"line":94,"column":4},"end":{"line":94,"column":29}},"22":{"start":{"line":95,"column":4},"end":{"line":103,"column":6}},"23":{"start":{"line":106,"column":47},"end":{"line":106,"column":81}},"24":{"start":{"line":109,"column":21},"end":{"line":118,"column":3}},"25":{"start":{"line":111,"column":35},"end":{"line":111,"column":82}},"26":{"start":{"line":112,"column":3},"end":{"line":112,"column":29}},"27":{"start":{"line":113,"column":4},"end":{"line":116,"column":42}},"28":{"start":{"line":117,"column":5},"end":{"line":117,"column":44}},"29":{"start":{"line":124,"column":20},"end":{"line":131,"column":2}},"30":{"start":{"line":126,"column":1},"end":{"line":129,"column":21}},"31":{"start":{"line":134,"column":2},"end":{"line":173,"column":3}},"32":{"start":{"line":164,"column":29},"end":{"line":164,"column":55}}},"fnMap":{"0":{"name":"(anonymous_0)","decl":{"start":{"line":23,"column":32},"end":{"line":23,"column":33}},"loc":{"start":{"line":24,"column":0},"end":{"line":174,"column":1}},"line":24},"1":{"name":"(anonymous_1)","decl":{"start":{"line":37,"column":21},"end":{"line":37,"column":22}},"loc":{"start":{"line":38,"column":0},"end":{"line":59,"column":1}},"line":38},"2":{"name":"(anonymous_2)","decl":{"start":{"line":51,"column":10},"end":{"line":51,"column":11}},"loc":{"start":{"line":51,"column":18},"end":{"line":53,"column":3}},"line":51},"3":{"name":"(anonymous_3)","decl":{"start":{"line":53,"column":11},"end":{"line":53,"column":12}},"loc":{"start":{"line":54,"column":2},"end":{"line":56,"column":3}},"line":54},"4":{"name":"(anonymous_4)","decl":{"start":{"line":62,"column":26},"end":{"line":62,"column":27}},"loc":{"start":{"line":63,"column":0},"end":{"line":66,"column":1}},"line":63},"5":{"name":"(anonymous_5)","decl":{"start":{"line":69,"column":23},"end":{"line":69,"column":24}},"loc":{"start":{"line":70,"column":2},"end":{"line":74,"column":3}},"line":70},"6":{"name":"(anonymous_6)","decl":{"start":{"line":77,"column":35},"end":{"line":77,"column":36}},"loc":{"start":{"line":78,"column":2},"end":{"line":89,"column":3}},"line":78},"7":{"name":"(anonymous_7)","decl":{"start":{"line":92,"column":29},"end":{"line":92,"column":30}},"loc":{"start":{"line":93,"column":2},"end":{"line":104,"column":3}},"line":93},"8":{"name":"(anonymous_8)","decl":{"start":{"line":109,"column":21},"end":{"line":109,"column":22}},"loc":{"start":{"line":110,"column":2},"end":{"line":118,"column":3}},"line":110},"9":{"name":"(anonymous_9)","decl":{"start":{"line":124,"column":20},"end":{"line":124,"column":21}},"loc":{"start":{"line":125,"column":1},"end":{"line":131,"column":2}},"line":125},"10":{"name":"(anonymous_10)","decl":{"start":{"line":164,"column":20},"end":{"line":164,"column":21}},"loc":{"start":{"line":164,"column":29},"end":{"line":164,"column":55}},"line":164}},"branchMap":{"0":{"loc":{"start":{"line":126,"column":8},"end":{"line":129,"column":20}},"type":"cond-expr","locations":[{"start":{"line":127,"column":7},"end":{"line":127,"column":50}},{"start":{"line":129,"column":4},"end":{"line":129,"column":20}}],"line":126},"1":{"loc":{"start":{"line":159,"column":13},"end":{"line":161,"column":34}},"type":"cond-expr","locations":[{"start":{"line":160,"column":12},"end":{"line":160,"column":43}},{"start":{"line":161,"column":11},"end":{"line":161,"column":34}}],"line":159},"2":{"loc":{"start":{"line":163,"column":22},"end":{"line":163,"column":44}},"type":"cond-expr","locations":[{"start":{"line":163,"column":33},"end":{"line":163,"column":37}},{"start":{"line":163,"column":39},"end":{"line":163,"column":44}}],"line":163}},"s":{"0":3,"1":34,"2":33,"3":33,"4":33,"5":3,"6":3,"7":3,"8":1,"9":1,"10":33,"11":1,"12":1,"13":33,"14":2,"15":2,"16":2,"17":33,"18":1,"19":1,"20":33,"21":1,"22":1,"23":33,"24":33,"25":5,"26":5,"27":5,"28":5,"29":33,"30":4,"31":33,"32":4},"f":{"0":34,"1":3,"2":1,"3":1,"4":1,"5":2,"6":1,"7":1,"8":5,"9":4,"10":4},"b":{"0":[1,3],"1":[6,27],"2":[6,27]},"_coverageSchema":"1a1c01bbd47fc00a2c39e90264f33305004495a9","hash":"05fd03dc1b994f1f9164f7f073df7eab429633db"}
,"/Users/franklinakpu/Documents/react-native/fileuploadwithprogressbar/src/screens/MainScreen/index.ts": {"path":"/Users/franklinakpu/Documents/react-native/fileuploadwithprogressbar/src/screens/MainScreen/index.ts","statementMap":{},"fnMap":{},"branchMap":{},"s":{},"f":{},"b":{},"_coverageSchema":"1a1c01bbd47fc00a2c39e90264f33305004495a9","hash":"1ed5c8fb64252c65da0aa271c4d2ee5581136040"}
,"/Users/franklinakpu/Documents/react-native/fileuploadwithprogressbar/src/screens/MainScreen/styles.tsx": {"path":"/Users/franklinakpu/Documents/react-native/fileuploadwithprogressbar/src/screens/MainScreen/styles.tsx","statementMap":{"0":{"start":{"line":9,"column":36},"end":{"line":30,"column":2}}},"fnMap":{},"branchMap":{},"s":{"0":3},"f":{},"b":{},"_coverageSchema":"1a1c01bbd47fc00a2c39e90264f33305004495a9","hash":"28079a70df24d5e958e4aea0201fa281b8d6ebe6"}
,"/Users/franklinakpu/Documents/react-native/fileuploadwithprogressbar/src/theme/colors.ts": {"path":"/Users/franklinakpu/Documents/react-native/fileuploadwithprogressbar/src/theme/colors.ts","statementMap":{"0":{"start":{"line":1,"column":22},"end":{"line":8,"column":1}}},"fnMap":{},"branchMap":{},"s":{"0":3},"f":{},"b":{},"_coverageSchema":"1a1c01bbd47fc00a2c39e90264f33305004495a9","hash":"c7ef46a772335e760d337f75b389063bf19b688b"}
}
