{"/Users/franklinakpu/Documents/react-native/fileuploadwithprogressbar/App.tsx": {"path":"/Users/franklinakpu/Documents/react-native/fileuploadwithprogressbar/App.tsx","statementMap":{"0":{"start":{"line":28,"column":21},"end":{"line":56,"column":1}},"1":{"start":{"line":31,"column":21},"end":{"line":31,"column":33}},"2":{"start":{"line":33,"column":2},"end":{"line":39,"column":17}},"3":{"start":{"line":35,"column":4},"end":{"line":36,"column":103}},"4":{"start":{"line":44,"column":17},"end":{"line":44,"column":34}},"5":{"start":{"line":46,"column":2},"end":{"line":55,"column":3}}},"fnMap":{"0":{"name":"(anonymous_0)","decl":{"start":{"line":28,"column":21},"end":{"line":28,"column":22}},"loc":{"start":{"line":29,"column":0},"end":{"line":56,"column":1}},"line":29},"1":{"name":"(anonymous_1)","decl":{"start":{"line":33,"column":12},"end":{"line":33,"column":13}},"loc":{"start":{"line":34,"column":2},"end":{"line":38,"column":3}},"line":34}},"branchMap":{"0":{"loc":{"start":{"line":35,"column":4},"end":{"line":36,"column":102}},"type":"cond-expr","locations":[{"start":{"line":35,"column":38},"end":{"line":36,"column":97}},{"start":{"line":36,"column":98},"end":{"line":36,"column":102}}],"line":35}},"s":{"0":2,"1":2,"2":2,"3":1,"4":2,"5":2},"f":{"0":2,"1":1},"b":{"0":[0,1]},"_coverageSchema":"1a1c01bbd47fc00a2c39e90264f33305004495a9","hash":"1bee6b1a26886c9ac8621008705af05defc8d749"}
,"/Users/franklinakpu/Documents/react-native/fileuploadwithprogressbar/jest/TestWrapper.tsx": {"path":"/Users/franklinakpu/Documents/react-native/fileuploadwithprogressbar/jest/TestWrapper.tsx","statementMap":{"0":{"start":{"line":7,"column":29},"end":{"line":23,"column":1}},"1":{"start":{"line":9,"column":17},"end":{"line":16,"column":4}},"2":{"start":{"line":18,"column":1},"end":{"line":22,"column":3}}},"fnMap":{"0":{"name":"(anonymous_0)","decl":{"start":{"line":7,"column":29},"end":{"line":7,"column":30}},"loc":{"start":{"line":8,"column":0},"end":{"line":23,"column":1}},"line":8}},"branchMap":{},"s":{"0":2,"1":6,"2":6},"f":{"0":6},"b":{},"_coverageSchema":"1a1c01bbd47fc00a2c39e90264f33305004495a9","hash":"83cc5184bc9277c139bc7ab0c774de7010ad78ac"}
,"/Users/franklinakpu/Documents/react-native/fileuploadwithprogressbar/src/constants.ts": {"path":"/Users/franklinakpu/Documents/react-native/fileuploadwithprogressbar/src/constants.ts","statementMap":{"0":{"start":{"line":1,"column":28},"end":{"line":1,"column":62}}},"fnMap":{},"branchMap":{},"s":{"0":3},"f":{},"b":{},"_coverageSchema":"1a1c01bbd47fc00a2c39e90264f33305004495a9","hash":"0f11dbbef9ef0f21882066f06a668660061bbe9c"}
,"/Users/franklinakpu/Documents/react-native/fileuploadwithprogressbar/src/components/Button.tsx": {"path":"/Users/franklinakpu/Documents/react-native/fileuploadwithprogressbar/src/components/Button.tsx","statementMap":{"0":{"start":{"line":12,"column":36},"end":{"line":38,"column":1}},"1":{"start":{"line":22,"column":2},"end":{"line":37,"column":3}}},"fnMap":{"0":{"name":"(anonymous_0)","decl":{"start":{"line":12,"column":36},"end":{"line":12,"column":37}},"loc":{"start":{"line":19,"column":0},"end":{"line":38,"column":1}},"line":19}},"branchMap":{},"s":{"0":3,"1":52},"f":{"0":52},"b":{},"_coverageSchema":"1a1c01bbd47fc00a2c39e90264f33305004495a9","hash":"8ccb39988417fcb4364dbc61226b4637725cf647"}
,"/Users/franklinakpu/Documents/react-native/fileuploadwithprogressbar/src/components/styles.tsx": {"path":"/Users/franklinakpu/Documents/react-native/fileuploadwithprogressbar/src/components/styles.tsx","statementMap":{"0":{"start":{"line":10,"column":36},"end":{"line":26,"column":2}}},"fnMap":{},"branchMap":{},"s":{"0":3},"f":{},"b":{},"_coverageSchema":"1a1c01bbd47fc00a2c39e90264f33305004495a9","hash":"c9eff5033795d9ffa851dfde7e3ac312e7d0c171"}
,"/Users/franklinakpu/Documents/react-native/fileuploadwithprogressbar/src/helperfunctions/alertHelpers.ts": {"path":"/Users/franklinakpu/Documents/react-native/fileuploadwithprogressbar/src/helperfunctions/alertHelpers.ts","statementMap":{"0":{"start":{"line":8,"column":37},"end":{"line":20,"column":3}},"1":{"start":{"line":10,"column":4},"end":{"line":19,"column":12}},"2":{"start":{"line":11,"column":6},"end":{"line":18,"column":9}},"3":{"start":{"line":14,"column":26},"end":{"line":15,"column":37}}},"fnMap":{"0":{"name":"(anonymous_0)","decl":{"start":{"line":8,"column":37},"end":{"line":8,"column":38}},"loc":{"start":{"line":9,"column":2},"end":{"line":20,"column":3}},"line":9},"1":{"name":"(anonymous_1)","decl":{"start":{"line":10,"column":15},"end":{"line":10,"column":16}},"loc":{"start":{"line":10,"column":21},"end":{"line":19,"column":5}},"line":10},"2":{"name":"(anonymous_2)","decl":{"start":{"line":14,"column":19},"end":{"line":14,"column":20}},"loc":{"start":{"line":14,"column":26},"end":{"line":15,"column":37}},"line":14}},"branchMap":{"0":{"loc":{"start":{"line":14,"column":26},"end":{"line":15,"column":37}},"type":"cond-expr","locations":[{"start":{"line":14,"column":99},"end":{"line":14,"column":103}},{"start":{"line":15,"column":10},"end":{"line":15,"column":37}}],"line":14},"1":{"loc":{"start":{"line":14,"column":26},"end":{"line":14,"column":97}},"type":"binary-expr","locations":[{"start":{"line":14,"column":26},"end":{"line":14,"column":56}},{"start":{"line":14,"column":60},"end":{"line":14,"column":97}}],"line":14}},"s":{"0":3,"1":5,"2":3,"3":2},"f":{"0":5,"1":3,"2":2},"b":{"0":[0,2],"1":[2,2]},"_coverageSchema":"1a1c01bbd47fc00a2c39e90264f33305004495a9","hash":"c3ec066a4209fab1477d155fde436e08b6b3428a"}
,"/Users/franklinakpu/Documents/react-native/fileuploadwithprogressbar/src/helperfunctions/fileHelpers.ts": {"path":"/Users/franklinakpu/Documents/react-native/fileuploadwithprogressbar/src/helperfunctions/fileHelpers.ts","statementMap":{"0":{"start":{"line":6,"column":29},"end":{"line":10,"column":3}},"1":{"start":{"line":8,"column":25},"end":{"line":8,"column":94}},"2":{"start":{"line":9,"column":4},"end":{"line":9,"column":17}}},"fnMap":{"0":{"name":"(anonymous_0)","decl":{"start":{"line":6,"column":29},"end":{"line":6,"column":30}},"loc":{"start":{"line":7,"column":2},"end":{"line":10,"column":3}},"line":7}},"branchMap":{},"s":{"0":3,"1":4,"2":4},"f":{"0":4},"b":{},"_coverageSchema":"1a1c01bbd47fc00a2c39e90264f33305004495a9","hash":"5ec7bf0e7eea3c4e2607d70ad9ac9f623f8bc9f5"}
,"/Users/franklinakpu/Documents/react-native/fileuploadwithprogressbar/src/http/axiosSetup.ts": {"path":"/Users/franklinakpu/Documents/react-native/fileuploadwithprogressbar/src/http/axiosSetup.ts","statementMap":{"0":{"start":{"line":8,"column":28},"end":{"line":28,"column":1}},"1":{"start":{"line":10,"column":3},"end":{"line":16,"column":10}},"2":{"start":{"line":15,"column":49},"end":{"line":15,"column":85}}},"fnMap":{"0":{"name":"(anonymous_0)","decl":{"start":{"line":8,"column":28},"end":{"line":8,"column":29}},"loc":{"start":{"line":9,"column":0},"end":{"line":28,"column":1}},"line":9},"1":{"name":"(anonymous_1)","decl":{"start":{"line":15,"column":26},"end":{"line":15,"column":27}},"loc":{"start":{"line":15,"column":49},"end":{"line":15,"column":85}},"line":15}},"branchMap":{},"s":{"0":3,"1":3,"2":1},"f":{"0":3,"1":1},"b":{},"_coverageSchema":"1a1c01bbd47fc00a2c39e90264f33305004495a9","hash":"b2b17b7d66905d27220a0cb79222a0135b8ff4f1"}
,"/Users/franklinakpu/Documents/react-native/fileuploadwithprogressbar/src/screens/MainScreen/ImageDescription.tsx": {"path":"/Users/franklinakpu/Documents/react-native/fileuploadwithprogressbar/src/screens/MainScreen/ImageDescription.tsx","statementMap":{"0":{"start":{"line":12,"column":56},"end":{"line":30,"column":1}},"1":{"start":{"line":16,"column":2},"end":{"line":29,"column":3}}},"fnMap":{"0":{"name":"(anonymous_0)","decl":{"start":{"line":12,"column":56},"end":{"line":12,"column":57}},"loc":{"start":{"line":13,"column":0},"end":{"line":30,"column":1}},"line":13}},"branchMap":{"0":{"loc":{"start":{"line":20,"column":11},"end":{"line":20,"column":89}},"type":"cond-expr","locations":[{"start":{"line":20,"column":38},"end":{"line":20,"column":58}},{"start":{"line":20,"column":59},"end":{"line":20,"column":89}}],"line":20},"1":{"loc":{"start":{"line":22,"column":11},"end":{"line":22,"column":89}},"type":"cond-expr","locations":[{"start":{"line":22,"column":38},"end":{"line":22,"column":58}},{"start":{"line":22,"column":59},"end":{"line":22,"column":89}}],"line":22},"2":{"loc":{"start":{"line":25,"column":11},"end":{"line":25,"column":88}},"type":"cond-expr","locations":[{"start":{"line":25,"column":38},"end":{"line":25,"column":58}},{"start":{"line":25,"column":59},"end":{"line":25,"column":88}}],"line":25}},"s":{"0":3,"1":26},"f":{"0":26},"b":{"0":[7,19],"1":[7,19],"2":[7,19]},"_coverageSchema":"1a1c01bbd47fc00a2c39e90264f33305004495a9","hash":"5403d13bd091edf6dc501bd41c2679b9dd4d65e3"}
,"/Users/franklinakpu/Documents/react-native/fileuploadwithprogressbar/src/screens/MainScreen/MainScreen.tsx": {"path":"/Users/franklinakpu/Documents/react-native/fileuploadwithprogressbar/src/screens/MainScreen/MainScreen.tsx","statementMap":{"0":{"start":{"line":23,"column":32},"end":{"line":164,"column":1}},"1":{"start":{"line":26,"column":21},"end":{"line":45,"column":1}},"2":{"start":{"line":28,"column":17},"end":{"line":28,"column":31}},"3":{"start":{"line":29,"column":2},"end":{"line":29,"column":36}},"4":{"start":{"line":33,"column":3},"end":{"line":43,"column":5}},"5":{"start":{"line":40,"column":5},"end":{"line":40,"column":36}},"6":{"start":{"line":42,"column":6},"end":{"line":42,"column":31}},"7":{"start":{"line":48,"column":26},"end":{"line":52,"column":1}},"8":{"start":{"line":50,"column":28},"end":{"line":50,"column":77}},"9":{"start":{"line":51,"column":2},"end":{"line":51,"column":37}},"10":{"start":{"line":55,"column":23},"end":{"line":60,"column":3}},"11":{"start":{"line":57,"column":4},"end":{"line":57,"column":29}},"12":{"start":{"line":58,"column":4},"end":{"line":58,"column":75}},"13":{"start":{"line":59,"column":4},"end":{"line":59,"column":22}},"14":{"start":{"line":63,"column":35},"end":{"line":67,"column":3}},"15":{"start":{"line":65,"column":6},"end":{"line":65,"column":31}},"16":{"start":{"line":66,"column":6},"end":{"line":66,"column":110}},"17":{"start":{"line":70,"column":29},"end":{"line":76,"column":3}},"18":{"start":{"line":72,"column":27},"end":{"line":72,"column":28}},"19":{"start":{"line":73,"column":4},"end":{"line":73,"column":44}},"20":{"start":{"line":75,"column":4},"end":{"line":75,"column":135}},"21":{"start":{"line":82,"column":47},"end":{"line":85,"column":7}},"22":{"start":{"line":83,"column":35},"end":{"line":83,"column":71}},"23":{"start":{"line":84,"column":32},"end":{"line":84,"column":61}},"24":{"start":{"line":88,"column":42},"end":{"line":92,"column":4}},"25":{"start":{"line":94,"column":33},"end":{"line":94,"column":72}},"26":{"start":{"line":95,"column":53},"end":{"line":95,"column":72}},"27":{"start":{"line":106,"column":21},"end":{"line":115,"column":3}},"28":{"start":{"line":108,"column":35},"end":{"line":108,"column":82}},"29":{"start":{"line":109,"column":3},"end":{"line":109,"column":29}},"30":{"start":{"line":110,"column":4},"end":{"line":113,"column":42}},"31":{"start":{"line":114,"column":5},"end":{"line":114,"column":44}},"32":{"start":{"line":121,"column":20},"end":{"line":124,"column":2}},"33":{"start":{"line":123,"column":2},"end":{"line":123,"column":19}},"34":{"start":{"line":127,"column":2},"end":{"line":163,"column":3}},"35":{"start":{"line":154,"column":43},"end":{"line":154,"column":61}}},"fnMap":{"0":{"name":"(anonymous_0)","decl":{"start":{"line":23,"column":32},"end":{"line":23,"column":33}},"loc":{"start":{"line":24,"column":0},"end":{"line":164,"column":1}},"line":24},"1":{"name":"(anonymous_1)","decl":{"start":{"line":26,"column":21},"end":{"line":26,"column":22}},"loc":{"start":{"line":27,"column":0},"end":{"line":45,"column":1}},"line":27},"2":{"name":"(anonymous_2)","decl":{"start":{"line":39,"column":10},"end":{"line":39,"column":11}},"loc":{"start":{"line":39,"column":18},"end":{"line":41,"column":3}},"line":39},"3":{"name":"(anonymous_3)","decl":{"start":{"line":41,"column":11},"end":{"line":41,"column":12}},"loc":{"start":{"line":41,"column":20},"end":{"line":43,"column":3}},"line":41},"4":{"name":"(anonymous_4)","decl":{"start":{"line":48,"column":26},"end":{"line":48,"column":27}},"loc":{"start":{"line":49,"column":0},"end":{"line":52,"column":1}},"line":49},"5":{"name":"(anonymous_5)","decl":{"start":{"line":55,"column":23},"end":{"line":55,"column":24}},"loc":{"start":{"line":56,"column":2},"end":{"line":60,"column":3}},"line":56},"6":{"name":"(anonymous_6)","decl":{"start":{"line":63,"column":35},"end":{"line":63,"column":36}},"loc":{"start":{"line":64,"column":2},"end":{"line":67,"column":3}},"line":64},"7":{"name":"(anonymous_7)","decl":{"start":{"line":70,"column":29},"end":{"line":70,"column":30}},"loc":{"start":{"line":71,"column":2},"end":{"line":76,"column":3}},"line":71},"8":{"name":"(anonymous_8)","decl":{"start":{"line":83,"column":17},"end":{"line":83,"column":18}},"loc":{"start":{"line":83,"column":35},"end":{"line":83,"column":71}},"line":83},"9":{"name":"(anonymous_9)","decl":{"start":{"line":84,"column":14},"end":{"line":84,"column":15}},"loc":{"start":{"line":84,"column":32},"end":{"line":84,"column":61}},"line":84},"10":{"name":"(anonymous_10)","decl":{"start":{"line":106,"column":21},"end":{"line":106,"column":22}},"loc":{"start":{"line":107,"column":2},"end":{"line":115,"column":3}},"line":107},"11":{"name":"(anonymous_11)","decl":{"start":{"line":121,"column":20},"end":{"line":121,"column":21}},"loc":{"start":{"line":122,"column":1},"end":{"line":124,"column":2}},"line":122},"12":{"name":"(anonymous_12)","decl":{"start":{"line":154,"column":20},"end":{"line":154,"column":21}},"loc":{"start":{"line":154,"column":43},"end":{"line":154,"column":61}},"line":154}},"branchMap":{"0":{"loc":{"start":{"line":151,"column":31},"end":{"line":151,"column":97}},"type":"cond-expr","locations":[{"start":{"line":151,"column":41},"end":{"line":151,"column":72}},{"start":{"line":151,"column":74},"end":{"line":151,"column":97}}],"line":151},"1":{"loc":{"start":{"line":153,"column":21},"end":{"line":153,"column":41}},"type":"cond-expr","locations":[{"start":{"line":153,"column":31},"end":{"line":153,"column":35}},{"start":{"line":153,"column":36},"end":{"line":153,"column":41}}],"line":153}},"s":{"0":3,"1":28,"2":3,"3":3,"4":3,"5":1,"6":1,"7":28,"8":1,"9":1,"10":28,"11":2,"12":2,"13":2,"14":28,"15":4,"16":4,"17":28,"18":1,"19":1,"20":1,"21":28,"22":3,"23":0,"24":27,"25":27,"26":27,"27":27,"28":4,"29":4,"30":4,"31":4,"32":27,"33":3,"34":27,"35":3},"f":{"0":28,"1":3,"2":1,"3":1,"4":1,"5":2,"6":4,"7":1,"8":3,"9":0,"10":4,"11":3,"12":3},"b":{"0":[13,14],"1":[13,14]},"_coverageSchema":"1a1c01bbd47fc00a2c39e90264f33305004495a9","hash":"dd460026419fcd92d15fa10acb58cdaa3b8e9684"}
,"/Users/franklinakpu/Documents/react-native/fileuploadwithprogressbar/src/screens/MainScreen/index.ts": {"path":"/Users/franklinakpu/Documents/react-native/fileuploadwithprogressbar/src/screens/MainScreen/index.ts","statementMap":{},"fnMap":{},"branchMap":{},"s":{},"f":{},"b":{},"_coverageSchema":"1a1c01bbd47fc00a2c39e90264f33305004495a9","hash":"1ed5c8fb64252c65da0aa271c4d2ee5581136040"}
,"/Users/franklinakpu/Documents/react-native/fileuploadwithprogressbar/src/screens/MainScreen/styles.tsx": {"path":"/Users/franklinakpu/Documents/react-native/fileuploadwithprogressbar/src/screens/MainScreen/styles.tsx","statementMap":{"0":{"start":{"line":9,"column":36},"end":{"line":30,"column":2}}},"fnMap":{},"branchMap":{},"s":{"0":3},"f":{},"b":{},"_coverageSchema":"1a1c01bbd47fc00a2c39e90264f33305004495a9","hash":"28079a70df24d5e958e4aea0201fa281b8d6ebe6"}
,"/Users/franklinakpu/Documents/react-native/fileuploadwithprogressbar/src/theme/colors.ts": {"path":"/Users/franklinakpu/Documents/react-native/fileuploadwithprogressbar/src/theme/colors.ts","statementMap":{"0":{"start":{"line":1,"column":22},"end":{"line":8,"column":1}}},"fnMap":{},"branchMap":{},"s":{"0":3},"f":{},"b":{},"_coverageSchema":"1a1c01bbd47fc00a2c39e90264f33305004495a9","hash":"c7ef46a772335e760d337f75b389063bf19b688b"}
}
